<?xml version="1.0" encoding="UTF-8"?>
<coverage generated="1633215825120" clover="3.2.0">
  <project timestamp="1633215825120" name="All files">
    <metrics statements="30" coveredstatements="30" conditionals="12" coveredconditionals="12" methods="8" coveredmethods="8" elements="50" coveredelements="50" complexity="0" loc="30" ncloc="30" packages="1" files="1" classes="1"/>
    <file name="App.js" path="E:\CAROLINA\6_SEMESTRE\IngenieriaSoftware\CalculadoraCadena\parcel-jest-base-main\src\App.js">
      <metrics statements="30" coveredstatements="30" conditionals="12" coveredconditionals="12" methods="8" coveredmethods="8"/>
      <line num="19" count="10" type="cond" truecount="2" falsecount="0"/>
      <line num="20" count="1" type="stmt"/>
      <line num="21" count="9" type="cond" truecount="2" falsecount="0"/>
      <line num="22" count="1" type="stmt"/>
      <line num="24" count="8" type="stmt"/>
      <line num="25" count="8" type="stmt"/>
      <line num="26" count="8" type="stmt"/>
      <line num="30" count="8" type="stmt"/>
      <line num="31" count="8" type="stmt"/>
      <line num="32" count="8" type="cond" truecount="4" falsecount="0"/>
      <line num="33" count="3" type="stmt"/>
      <line num="35" count="5" type="stmt"/>
      <line num="39" count="8" type="stmt"/>
      <line num="40" count="8" type="stmt"/>
      <line num="41" count="8" type="stmt"/>
      <line num="42" count="8" type="stmt"/>
      <line num="43" count="4" type="stmt"/>
      <line num="44" count="4" type="stmt"/>
      <line num="46" count="8" type="cond" truecount="2" falsecount="0"/>
      <line num="47" count="3" type="stmt"/>
      <line num="49" count="5" type="stmt"/>
      <line num="50" count="5" type="stmt"/>
      <line num="55" count="8" type="stmt"/>
      <line num="56" count="27" type="stmt"/>
      <line num="57" count="23" type="stmt"/>
      <line num="61" count="8" type="stmt"/>
      <line num="62" count="23" type="cond" truecount="2" falsecount="0"/>
      <line num="63" count="1" type="stmt"/>
      <line num="65" count="22" type="stmt"/>
      <line num="67" count="8" type="stmt"/>
    </file>
  </project>
</coverage>
