<?xml version="1.0" encoding="UTF-8"?>
<coverage generated="1633213742243" clover="3.2.0">
  <project timestamp="1633213742243" name="All files">
    <metrics statements="30" coveredstatements="29" conditionals="14" coveredconditionals="12" methods="8" coveredmethods="8" elements="52" coveredelements="49" complexity="0" loc="30" ncloc="30" packages="1" files="1" classes="1"/>
    <file name="App.js" path="E:\CAROLINA\6_SEMESTRE\IngenieriaSoftware\CalculadoraCadena\parcel-jest-base-main\src\App.js">
      <metrics statements="30" coveredstatements="29" conditionals="14" coveredconditionals="12" methods="8" coveredmethods="8"/>
      <line num="19" count="7" type="cond" truecount="2" falsecount="0"/>
      <line num="20" count="1" type="stmt"/>
      <line num="21" count="6" type="cond" truecount="2" falsecount="0"/>
      <line num="22" count="1" type="stmt"/>
      <line num="24" count="5" type="stmt"/>
      <line num="25" count="5" type="stmt"/>
      <line num="26" count="5" type="stmt"/>
      <line num="30" count="5" type="stmt"/>
      <line num="31" count="5" type="stmt"/>
      <line num="32" count="5" type="cond" truecount="4" falsecount="0"/>
      <line num="33" count="1" type="stmt"/>
      <line num="35" count="4" type="stmt"/>
      <line num="39" count="5" type="stmt"/>
      <line num="40" count="5" type="stmt"/>
      <line num="42" count="5" type="stmt"/>
      <line num="43" count="5" type="stmt"/>
      <line num="44" count="1" type="stmt"/>
      <line num="45" count="1" type="stmt"/>
      <line num="47" count="5" type="cond" truecount="2" falsecount="0"/>
      <line num="48" count="1" type="stmt"/>
      <line num="50" count="4" type="stmt"/>
      <line num="51" count="4" type="cond" truecount="2" falsecount="2"/>
      <line num="52" count="0" type="stmt"/>
      <line num="54" count="4" type="stmt"/>
      <line num="58" count="5" type="stmt"/>
      <line num="59" count="13" type="stmt"/>
      <line num="60" count="13" type="stmt"/>
      <line num="64" count="5" type="stmt"/>
      <line num="65" count="13" type="stmt"/>
      <line num="67" count="5" type="stmt"/>
    </file>
  </project>
</coverage>
