{"E:\\CAROLINA\\6_SEMESTRE\\IngenieriaSoftware\\CalculadoraCadena\\parcel-jest-base-main\\src\\App.js": {"path":"E:\\CAROLINA\\6_SEMESTRE\\IngenieriaSoftware\\CalculadoraCadena\\parcel-jest-base-main\\src\\App.js","statementMap":{"0":{"start":{"line":19,"column":2},"end":{"line":27,"column":3}},"1":{"start":{"line":20,"column":4},"end":{"line":20,"column":12}},"2":{"start":{"line":21,"column":8},"end":{"line":27,"column":3}},"3":{"start":{"line":22,"column":4},"end":{"line":22,"column":36}},"4":{"start":{"line":24,"column":20},"end":{"line":24,"column":46}},"5":{"start":{"line":25,"column":25},"end":{"line":25,"column":50}},"6":{"start":{"line":26,"column":2},"end":{"line":26,"column":60}},"7":{"start":{"line":30,"column":26},"end":{"line":30,"column":39}},"8":{"start":{"line":31,"column":18},"end":{"line":31,"column":45}},"9":{"start":{"line":32,"column":2},"end":{"line":34,"column":3}},"10":{"start":{"line":33,"column":4},"end":{"line":33,"column":44}},"11":{"start":{"line":35,"column":2},"end":{"line":35,"column":14}},"12":{"start":{"line":39,"column":21},"end":{"line":39,"column":23}},"13":{"start":{"line":40,"column":34},"end":{"line":40,"column":64}},"14":{"start":{"line":42,"column":16},"end":{"line":42,"column":51}},"15":{"start":{"line":43,"column":2},"end":{"line":46,"column":3}},"16":{"start":{"line":44,"column":4},"end":{"line":44,"column":31}},"17":{"start":{"line":45,"column":4},"end":{"line":45,"column":49}},"18":{"start":{"line":47,"column":2},"end":{"line":49,"column":3}},"19":{"start":{"line":48,"column":4},"end":{"line":48,"column":50}},"20":{"start":{"line":50,"column":2},"end":{"line":50,"column":37}},"21":{"start":{"line":51,"column":2},"end":{"line":53,"column":3}},"22":{"start":{"line":52,"column":4},"end":{"line":52,"column":21}},"23":{"start":{"line":54,"column":2},"end":{"line":54,"column":16}},"24":{"start":{"line":58,"column":2},"end":{"line":60,"column":26}},"25":{"start":{"line":59,"column":17},"end":{"line":59,"column":25}},"26":{"start":{"line":60,"column":14},"end":{"line":60,"column":25}},"27":{"start":{"line":64,"column":19},"end":{"line":66,"column":6}},"28":{"start":{"line":65,"column":4},"end":{"line":65,"column":18}},"29":{"start":{"line":67,"column":2},"end":{"line":67,"column":17}}},"fnMap":{"0":{"name":"StringCalculator","decl":{"start":{"line":18,"column":9},"end":{"line":18,"column":25}},"loc":{"start":{"line":18,"column":39},"end":{"line":28,"column":1}},"line":18},"1":{"name":"formatInput","decl":{"start":{"line":29,"column":9},"end":{"line":29,"column":20}},"loc":{"start":{"line":29,"column":27},"end":{"line":36,"column":1}},"line":29},"2":{"name":"getDelimiter","decl":{"start":{"line":38,"column":9},"end":{"line":38,"column":21}},"loc":{"start":{"line":38,"column":29},"end":{"line":55,"column":1}},"line":38},"3":{"name":"getNumbers","decl":{"start":{"line":57,"column":9},"end":{"line":57,"column":19}},"loc":{"start":{"line":57,"column":38},"end":{"line":61,"column":1}},"line":57},"4":{"name":"(anonymous_4)","decl":{"start":{"line":59,"column":12},"end":{"line":59,"column":13}},"loc":{"start":{"line":59,"column":17},"end":{"line":59,"column":25}},"line":59},"5":{"name":"(anonymous_5)","decl":{"start":{"line":60,"column":9},"end":{"line":60,"column":10}},"loc":{"start":{"line":60,"column":14},"end":{"line":60,"column":25}},"line":60},"6":{"name":"calculateSum","decl":{"start":{"line":63,"column":9},"end":{"line":63,"column":21}},"loc":{"start":{"line":63,"column":30},"end":{"line":68,"column":1}},"line":63},"7":{"name":"(anonymous_7)","decl":{"start":{"line":64,"column":34},"end":{"line":64,"column":35}},"loc":{"start":{"line":64,"column":45},"end":{"line":66,"column":3}},"line":64}},"branchMap":{"0":{"loc":{"start":{"line":19,"column":2},"end":{"line":27,"column":3}},"type":"if","locations":[{"start":{"line":19,"column":2},"end":{"line":27,"column":3}},{"start":{"line":19,"column":2},"end":{"line":27,"column":3}}],"line":19},"1":{"loc":{"start":{"line":21,"column":8},"end":{"line":27,"column":3}},"type":"if","locations":[{"start":{"line":21,"column":8},"end":{"line":27,"column":3}},{"start":{"line":21,"column":8},"end":{"line":27,"column":3}}],"line":21},"2":{"loc":{"start":{"line":32,"column":2},"end":{"line":34,"column":3}},"type":"if","locations":[{"start":{"line":32,"column":2},"end":{"line":34,"column":3}},{"start":{"line":32,"column":2},"end":{"line":34,"column":3}}],"line":32},"3":{"loc":{"start":{"line":32,"column":5},"end":{"line":32,"column":34}},"type":"binary-expr","locations":[{"start":{"line":32,"column":5},"end":{"line":32,"column":12}},{"start":{"line":32,"column":16},"end":{"line":32,"column":34}}],"line":32},"4":{"loc":{"start":{"line":47,"column":2},"end":{"line":49,"column":3}},"type":"if","locations":[{"start":{"line":47,"column":2},"end":{"line":49,"column":3}},{"start":{"line":47,"column":2},"end":{"line":49,"column":3}}],"line":47},"5":{"loc":{"start":{"line":51,"column":2},"end":{"line":53,"column":3}},"type":"if","locations":[{"start":{"line":51,"column":2},"end":{"line":53,"column":3}},{"start":{"line":51,"column":2},"end":{"line":53,"column":3}}],"line":51},"6":{"loc":{"start":{"line":51,"column":5},"end":{"line":51,"column":26}},"type":"binary-expr","locations":[{"start":{"line":51,"column":5},"end":{"line":51,"column":12}},{"start":{"line":51,"column":16},"end":{"line":51,"column":26}}],"line":51}},"s":{"0":7,"1":1,"2":6,"3":1,"4":5,"5":5,"6":5,"7":5,"8":5,"9":5,"10":1,"11":4,"12":5,"13":5,"14":5,"15":5,"16":1,"17":1,"18":5,"19":1,"20":4,"21":4,"22":0,"23":4,"24":5,"25":13,"26":13,"27":5,"28":13,"29":5},"f":{"0":7,"1":5,"2":5,"3":5,"4":13,"5":13,"6":5,"7":13},"b":{"0":[1,6],"1":[1,5],"2":[1,4],"3":[5,1],"4":[1,4],"5":[0,4],"6":[4,0]},"_coverageSchema":"1a1c01bbd47fc00a2c39e90264f33305004495a9","hash":"37ec4341ffdb82fd525d0f190b44cdd885300813"}
}
