{"E:\\CAROLINA\\6_SEMESTRE\\IngenieriaSoftware\\CalculadoraCadena\\parcel-jest-base-main\\src\\App.js": {"path":"E:\\CAROLINA\\6_SEMESTRE\\IngenieriaSoftware\\CalculadoraCadena\\parcel-jest-base-main\\src\\App.js","statementMap":{"0":{"start":{"line":19,"column":2},"end":{"line":27,"column":3}},"1":{"start":{"line":20,"column":4},"end":{"line":20,"column":12}},"2":{"start":{"line":21,"column":8},"end":{"line":27,"column":3}},"3":{"start":{"line":22,"column":4},"end":{"line":22,"column":36}},"4":{"start":{"line":24,"column":20},"end":{"line":24,"column":46}},"5":{"start":{"line":25,"column":25},"end":{"line":25,"column":50}},"6":{"start":{"line":26,"column":2},"end":{"line":26,"column":60}},"7":{"start":{"line":30,"column":26},"end":{"line":30,"column":39}},"8":{"start":{"line":31,"column":18},"end":{"line":31,"column":45}},"9":{"start":{"line":32,"column":2},"end":{"line":34,"column":3}},"10":{"start":{"line":33,"column":4},"end":{"line":33,"column":44}},"11":{"start":{"line":35,"column":2},"end":{"line":35,"column":14}},"12":{"start":{"line":39,"column":21},"end":{"line":39,"column":23}},"13":{"start":{"line":40,"column":34},"end":{"line":40,"column":64}},"14":{"start":{"line":41,"column":16},"end":{"line":41,"column":51}},"15":{"start":{"line":42,"column":2},"end":{"line":45,"column":3}},"16":{"start":{"line":43,"column":4},"end":{"line":43,"column":31}},"17":{"start":{"line":44,"column":4},"end":{"line":44,"column":49}},"18":{"start":{"line":46,"column":2},"end":{"line":48,"column":3}},"19":{"start":{"line":47,"column":4},"end":{"line":47,"column":50}},"20":{"start":{"line":49,"column":2},"end":{"line":49,"column":37}},"21":{"start":{"line":50,"column":2},"end":{"line":50,"column":16}},"22":{"start":{"line":55,"column":2},"end":{"line":57,"column":26}},"23":{"start":{"line":56,"column":17},"end":{"line":56,"column":25}},"24":{"start":{"line":57,"column":14},"end":{"line":57,"column":25}},"25":{"start":{"line":61,"column":19},"end":{"line":66,"column":6}},"26":{"start":{"line":62,"column":4},"end":{"line":64,"column":5}},"27":{"start":{"line":63,"column":6},"end":{"line":63,"column":14}},"28":{"start":{"line":65,"column":4},"end":{"line":65,"column":18}},"29":{"start":{"line":67,"column":2},"end":{"line":67,"column":17}}},"fnMap":{"0":{"name":"StringCalculator","decl":{"start":{"line":18,"column":9},"end":{"line":18,"column":25}},"loc":{"start":{"line":18,"column":39},"end":{"line":28,"column":1}},"line":18},"1":{"name":"formatInput","decl":{"start":{"line":29,"column":9},"end":{"line":29,"column":20}},"loc":{"start":{"line":29,"column":27},"end":{"line":36,"column":1}},"line":29},"2":{"name":"getDelimiter","decl":{"start":{"line":38,"column":9},"end":{"line":38,"column":21}},"loc":{"start":{"line":38,"column":29},"end":{"line":52,"column":1}},"line":38},"3":{"name":"getNumbers","decl":{"start":{"line":54,"column":9},"end":{"line":54,"column":19}},"loc":{"start":{"line":54,"column":38},"end":{"line":58,"column":1}},"line":54},"4":{"name":"(anonymous_4)","decl":{"start":{"line":56,"column":12},"end":{"line":56,"column":13}},"loc":{"start":{"line":56,"column":17},"end":{"line":56,"column":25}},"line":56},"5":{"name":"(anonymous_5)","decl":{"start":{"line":57,"column":9},"end":{"line":57,"column":10}},"loc":{"start":{"line":57,"column":14},"end":{"line":57,"column":25}},"line":57},"6":{"name":"calculateSum","decl":{"start":{"line":60,"column":9},"end":{"line":60,"column":21}},"loc":{"start":{"line":60,"column":30},"end":{"line":68,"column":1}},"line":60},"7":{"name":"(anonymous_7)","decl":{"start":{"line":61,"column":34},"end":{"line":61,"column":35}},"loc":{"start":{"line":61,"column":45},"end":{"line":66,"column":3}},"line":61}},"branchMap":{"0":{"loc":{"start":{"line":19,"column":2},"end":{"line":27,"column":3}},"type":"if","locations":[{"start":{"line":19,"column":2},"end":{"line":27,"column":3}},{"start":{"line":19,"column":2},"end":{"line":27,"column":3}}],"line":19},"1":{"loc":{"start":{"line":21,"column":8},"end":{"line":27,"column":3}},"type":"if","locations":[{"start":{"line":21,"column":8},"end":{"line":27,"column":3}},{"start":{"line":21,"column":8},"end":{"line":27,"column":3}}],"line":21},"2":{"loc":{"start":{"line":32,"column":2},"end":{"line":34,"column":3}},"type":"if","locations":[{"start":{"line":32,"column":2},"end":{"line":34,"column":3}},{"start":{"line":32,"column":2},"end":{"line":34,"column":3}}],"line":32},"3":{"loc":{"start":{"line":32,"column":5},"end":{"line":32,"column":34}},"type":"binary-expr","locations":[{"start":{"line":32,"column":5},"end":{"line":32,"column":12}},{"start":{"line":32,"column":16},"end":{"line":32,"column":34}}],"line":32},"4":{"loc":{"start":{"line":46,"column":2},"end":{"line":48,"column":3}},"type":"if","locations":[{"start":{"line":46,"column":2},"end":{"line":48,"column":3}},{"start":{"line":46,"column":2},"end":{"line":48,"column":3}}],"line":46},"5":{"loc":{"start":{"line":62,"column":4},"end":{"line":64,"column":5}},"type":"if","locations":[{"start":{"line":62,"column":4},"end":{"line":64,"column":5}},{"start":{"line":62,"column":4},"end":{"line":64,"column":5}}],"line":62}},"s":{"0":10,"1":1,"2":9,"3":1,"4":8,"5":8,"6":8,"7":8,"8":8,"9":8,"10":3,"11":5,"12":8,"13":8,"14":8,"15":8,"16":4,"17":4,"18":8,"19":3,"20":5,"21":5,"22":8,"23":27,"24":23,"25":8,"26":23,"27":1,"28":22,"29":8},"f":{"0":10,"1":8,"2":8,"3":8,"4":27,"5":23,"6":8,"7":23},"b":{"0":[1,9],"1":[1,8],"2":[3,5],"3":[8,3],"4":[3,5],"5":[1,22]},"_coverageSchema":"1a1c01bbd47fc00a2c39e90264f33305004495a9","hash":"d0e21f4838fdae359aaf0a5660bfdedaa5e1ed1d"}
}
