TN:
SF:src\App.js
FN:18,StringCalculator
FN:29,formatInput
FN:38,getDelimiter
FN:57,getNumbers
FN:59,(anonymous_4)
FN:60,(anonymous_5)
FN:63,calculateSum
FN:64,(anonymous_7)
FNF:8
FNH:8
FNDA:7,StringCalculator
FNDA:5,formatInput
FNDA:5,getDelimiter
FNDA:5,getNumbers
FNDA:13,(anonymous_4)
FNDA:13,(anonymous_5)
FNDA:5,calculateSum
FNDA:13,(anonymous_7)
DA:19,7
DA:20,1
DA:21,6
DA:22,1
DA:24,5
DA:25,5
DA:26,5
DA:30,5
DA:31,5
DA:32,5
DA:33,1
DA:35,4
DA:39,5
DA:40,5
DA:42,5
DA:43,5
DA:44,1
DA:45,1
DA:47,5
DA:48,1
DA:50,4
DA:51,4
DA:52,0
DA:54,4
DA:58,5
DA:59,13
DA:60,13
DA:64,5
DA:65,13
DA:67,5
LF:30
LH:29
BRDA:19,0,0,1
BRDA:19,0,1,6
BRDA:21,1,0,1
BRDA:21,1,1,5
BRDA:32,2,0,1
BRDA:32,2,1,4
BRDA:32,3,0,5
BRDA:32,3,1,1
BRDA:47,4,0,1
BRDA:47,4,1,4
BRDA:51,5,0,0
BRDA:51,5,1,4
BRDA:51,6,0,4
BRDA:51,6,1,0
BRF:14
BRH:12
end_of_record
