TN:
SF:src\App.js
FN:18,StringCalculator
FN:29,formatInput
FN:38,getDelimiter
FN:54,getNumbers
FN:56,(anonymous_4)
FN:57,(anonymous_5)
FN:60,calculateSum
FN:61,(anonymous_7)
FNF:8
FNH:8
FNDA:10,StringCalculator
FNDA:8,formatInput
FNDA:8,getDelimiter
FNDA:8,getNumbers
FNDA:27,(anonymous_4)
FNDA:23,(anonymous_5)
FNDA:8,calculateSum
FNDA:23,(anonymous_7)
DA:19,10
DA:20,1
DA:21,9
DA:22,1
DA:24,8
DA:25,8
DA:26,8
DA:30,8
DA:31,8
DA:32,8
DA:33,3
DA:35,5
DA:39,8
DA:40,8
DA:41,8
DA:42,8
DA:43,4
DA:44,4
DA:46,8
DA:47,3
DA:49,5
DA:50,5
DA:55,8
DA:56,27
DA:57,23
DA:61,8
DA:62,23
DA:63,1
DA:65,22
DA:67,8
LF:30
LH:30
BRDA:19,0,0,1
BRDA:19,0,1,9
BRDA:21,1,0,1
BRDA:21,1,1,8
BRDA:32,2,0,3
BRDA:32,2,1,5
BRDA:32,3,0,8
BRDA:32,3,1,3
BRDA:46,4,0,3
BRDA:46,4,1,5
BRDA:62,5,0,1
BRDA:62,5,1,22
BRF:12
BRH:12
end_of_record
